<?xml version="1.0" encoding="UTF-8"?>
<testng-results total="1" passed="1" failed="0" skipped="0">
  <reporter-output>
  </reporter-output>
  <suite started-at="2024-06-10T15:47:42Z" name="Surefire suite" finished-at="2024-06-10T15:47:42Z" duration-ms="63">
    <groups>
    </groups>
    <test started-at="2024-06-10T15:47:42Z" name="Surefire test" finished-at="2024-06-10T15:47:42Z" duration-ms="63">
      <class name="com.automation.automate.AppTest">
        <test-method signature="testApp()[pri:0, instance:testApp(com.automation.automate.AppTest)]" started-at="2024-06-10T11:47:42Z" name="testApp" finished-at="2024-06-10T11:47:42Z" duration-ms="3" status="PASS">
          <reporter-output>
          </reporter-output>
        </test-method> <!-- testApp -->
      </class> <!-- com.automation.automate.AppTest -->
    </test> <!-- Surefire test -->
  </suite> <!-- Surefire suite -->
</testng-results>
